<?xml version="1.0" encoding="UTF-8"?>
<testng-results total="2" passed="2" failed="0" skipped="0">
  <reporter-output>
  </reporter-output>
  <suite started-at="2020-02-07T21:08:41Z" name="Command line suite" finished-at="2020-02-07T21:08:41Z" duration-ms="21">
    <groups>
    </groups>
    <test started-at="2020-02-07T21:08:41Z" name="Command line test" finished-at="2020-02-07T21:08:41Z" duration-ms="21">
      <class name="com.learntestng.SampleTest">
        <test-method signature="test2()[pri:0, instance:com.learntestng.SampleTest@56aac163]" started-at="2020-02-07T13:08:41Z" name="test2" finished-at="2020-02-07T13:08:41Z" duration-ms="1" status="PASS">
          <reporter-output>
          </reporter-output>
        </test-method> <!-- test2 -->
      </class> <!-- com.learntestng.SampleTest -->
      <class name="com.learntestng.AppTest">
        <test-method signature="shouldAnswerWithTrue()[pri:0, instance:com.learntestng.AppTest@711f39f9]" started-at="2020-02-07T13:08:41Z" name="shouldAnswerWithTrue" finished-at="2020-02-07T13:08:41Z" duration-ms="6" status="PASS">
          <reporter-output>
          </reporter-output>
        </test-method> <!-- shouldAnswerWithTrue -->
      </class> <!-- com.learntestng.AppTest -->
    </test> <!-- Command line test -->
  </suite> <!-- Command line suite -->
</testng-results>
